<?xml version="1.0" encoding="UTF-8"?>
<testng-results ignored="0" total="3" passed="3" failed="0" skipped="0">
  <reporter-output>
  </reporter-output>
  <suite started-at="2022-11-09T06:38:07Z" name="Default suite" finished-at="2022-11-09T06:38:36Z" duration-ms="29307">
    <groups>
    </groups>
    <test started-at="2022-11-09T06:38:07Z" name="Default test" finished-at="2022-11-09T06:38:36Z" duration-ms="29307">
      <class name="org.gitpro.Gittest">
        <test-method signature="tc01(java.lang.String, java.lang.String)[pri:0, instance:org.gitpro.Gittest@6cb107fd]" started-at="2022-11-09T06:38:07Z" name="tc01" data-provider="LoginData" finished-at="2022-11-09T06:38:17Z" duration-ms="10336" status="PASS">
          <params>
            <param index="0">
              <value>
                <![CDATA[jsl.ece1992@gmail.com]]>
              </value>
            </param>
            <param index="1">
              <value>
                <![CDATA[asdf]]>
              </value>
            </param>
          </params>
          <reporter-output>
          </reporter-output>
        </test-method> <!-- tc01 -->
        <test-method signature="tc01(java.lang.String, java.lang.String)[pri:0, instance:org.gitpro.Gittest@6cb107fd]" started-at="2022-11-09T06:38:17Z" name="tc01" data-provider="LoginData" finished-at="2022-11-09T06:38:26Z" duration-ms="9087" status="PASS">
          <params>
            <param index="0">
              <value>
                <![CDATA[hashprag@gmail.com]]>
              </value>
            </param>
            <param index="1">
              <value>
                <![CDATA[gfrtyj]]>
              </value>
            </param>
          </params>
          <reporter-output>
          </reporter-output>
        </test-method> <!-- tc01 -->
        <test-method signature="tc01(java.lang.String, java.lang.String)[pri:0, instance:org.gitpro.Gittest@6cb107fd]" started-at="2022-11-09T06:38:26Z" name="tc01" data-provider="LoginData" finished-at="2022-11-09T06:38:36Z" duration-ms="9857" status="PASS">
          <params>
            <param index="0">
              <value>
                <![CDATA[sderftg56]]>
              </value>
            </param>
            <param index="1">
              <value>
                <![CDATA[sertgjf]]>
              </value>
            </param>
          </params>
          <reporter-output>
          </reporter-output>
        </test-method> <!-- tc01 -->
      </class> <!-- org.gitpro.Gittest -->
    </test> <!-- Default test -->
  </suite> <!-- Default suite -->
</testng-results>
