<?xml version="1.0" encoding="UTF-8"?>
<!-- Generated by org.testng.reporters.JUnitReportReporter -->
<testsuite hostname="LAPTOP-L1T0MTL4" failures="0" tests="3" name="org.gitpro.Gittest" time="29.280" errors="0" timestamp="09 Nov 2022 06:38:36 GMT" skipped="0">
  <testcase classname="org.gitpro.Gittest" name="tc01" time="10.336"/>
  <testcase classname="org.gitpro.Gittest" name="tc01" time="9.087"/>
  <testcase classname="org.gitpro.Gittest" name="tc01" time="9.857"/>
</testsuite> <!-- org.gitpro.Gittest -->
